<?xml version="1.0" encoding="UTF-8"?>
<!-- Generated by org.testng.reporters.JUnitXMLReporter -->
<testsuite ignored="0" hostname="DELL-GLFFKN3-PIT" failures="0" tests="48" name="USSD Tests" time="43.958" errors="0" timestamp="2023-10-30T18:16:58 GMT">
  <testcase classname="restAssured.Config.AirtimeTopUp" name="HomeScreen_Airtime" time="1.681"/>
  <testcase classname="restAssured.Config.AirtimeTopUp" name="HomeScreen_Airtime" time="0.568"/>
  <testcase classname="restAssured.Config.AirtimeTopUp" name="EnterPin_Airtime" time="0.293"/>
  <testcase classname="restAssured.Config.AirtimeTopUp" name="EnterPin_Airtime" time="0.314"/>
  <testcase classname="restAssured.Config.AirtimeTopUp" name="AirtimeTopUp" time="3.737"/>
  <testcase classname="restAssured.Config.AirtimeTopUp" name="AirtimeTopUp" time="2.475"/>
  <testcase classname="restAssured.Config.AirtimeTopUp" name="AirtimeReceiver" time="0.496"/>
  <testcase classname="restAssured.Config.AirtimeTopUp" name="AirtimeReceiver" time="0.378"/>
  <testcase classname="restAssured.Config.AirtimeTopUp" name="AirtimeAmount" time="0.318"/>
  <testcase classname="restAssured.Config.AirtimeTopUp" name="AirtimeAmount" time="0.338"/>
  <testcase classname="restAssured.Config.AirtimeTopUp" name="SelectPaymentWallet" time="0.308"/>
  <testcase classname="restAssured.Config.AirtimeTopUp" name="SelectPaymentWallet" time="0.298"/>
  <testcase classname="restAssured.Config.AirtimeTopUp" name="ConfirmPayments" time="1.658"/>
  <testcase classname="restAssured.Config.AirtimeTopUp" name="ConfirmPayments" time="0.97"/>
  <testcase classname="restAssured.Config.AirtimeTopUp" name="TerminateUSSD" time="0.455"/>
  <testcase classname="restAssured.Config.AirtimeTopUp" name="TerminateUSSD" time="0.297"/>
  <testcase classname="restAssured.Config.Loan_Services" name="HomeScreen" time="0.524"/>
  <testcase classname="restAssured.Config.Loan_Services" name="HomeScreen" time="0.554"/>
  <testcase classname="restAssured.Config.Loan_Services" name="HomeScreen" time="0.505"/>
  <testcase classname="restAssured.Config.Loan_Services" name="HomeScreen" time="0.559"/>
  <testcase classname="restAssured.Config.Loan_Services" name="EnterPin" time="0.269"/>
  <testcase classname="restAssured.Config.Loan_Services" name="EnterPin" time="0.301"/>
  <testcase classname="restAssured.Config.Loan_Services" name="EnterPin" time="0.287"/>
  <testcase classname="restAssured.Config.Loan_Services" name="EnterPin" time="0.286"/>
  <testcase classname="restAssured.Config.Loan_Services" name="SelectLoanService" time="3.345"/>
  <testcase classname="restAssured.Config.Loan_Services" name="SelectLoanService" time="2.005"/>
  <testcase classname="restAssured.Config.Loan_Services" name="SelectLoanService" time="1.838"/>
  <testcase classname="restAssured.Config.Loan_Services" name="SelectLoanService" time="1.859"/>
  <testcase classname="restAssured.Config.Loan_Services" name="RepaymentOptions" time="3.96"/>
  <testcase classname="restAssured.Config.Loan_Services" name="RepaymentOptions" time="1.652"/>
  <testcase classname="restAssured.Config.Loan_Services" name="RepaymentOptions" time="1.448"/>
  <testcase classname="restAssured.Config.Loan_Services" name="RepaymentOptions" time="1.684"/>
  <testcase classname="restAssured.Config.Loan_Services" name="EnterAmount" time="0.274"/>
  <testcase classname="restAssured.Config.Loan_Services" name="EnterAmount" time="0.296"/>
  <testcase classname="restAssured.Config.Loan_Services" name="EnterAmount" time="0.298"/>
  <testcase classname="restAssured.Config.Loan_Services" name="EnterAmount" time="0.306"/>
  <testcase classname="restAssured.Config.Loan_Services" name="SelectPaymentWallet" time="0.425"/>
  <testcase classname="restAssured.Config.Loan_Services" name="SelectPaymentWallet" time="0.272"/>
  <testcase classname="restAssured.Config.Loan_Services" name="SelectPaymentWallet" time="0.322"/>
  <testcase classname="restAssured.Config.Loan_Services" name="SelectPaymentWallet" time="0.301"/>
  <testcase classname="restAssured.Config.Loan_Services" name="ConfirmPayments" time="1.573"/>
  <testcase classname="restAssured.Config.Loan_Services" name="ConfirmPayments" time="1.001"/>
  <testcase classname="restAssured.Config.Loan_Services" name="ConfirmPayments" time="0.812"/>
  <testcase classname="restAssured.Config.Loan_Services" name="ConfirmPayments" time="0.84"/>
  <testcase classname="restAssured.Config.Loan_Services" name="TerminateUSSD" time="0.249"/>
  <testcase classname="restAssured.Config.Loan_Services" name="TerminateUSSD" time="0.261"/>
  <testcase classname="restAssured.Config.Loan_Services" name="TerminateUSSD" time="0.256"/>
  <testcase classname="restAssured.Config.Loan_Services" name="TerminateUSSD" time="0.247"/>
</testsuite> <!-- USSD Tests -->
